#-----------------------------------------------------------
# Webtalk v2018.3 (64-bit)
# SW Build 2405991 on Thu Dec  6 23:38:27 MST 2018
# 
# Start of session at: Sat Jul 12 18:07:32 2025
# Process ID: 61764
# Current directory: O:/Study/FPGA_prj/project_3_sim/ov5640_sd.sdk/webtalk
# Command line: wbtcv.exe -mode batch -source sdk_webtalk.tcl
# Log file: O:/Study/FPGA_prj/project_3_sim/ov5640_sd.sdk/webtalk/webtalk.log
# Journal file: O:/Study/FPGA_prj/project_3_sim/ov5640_sd.sdk/webtalk\webtalk.jou
#-----------------------------------------------------------
source sdk_webtalk.tcl
# webtalk_init -webtalk_dir O:\\Study\\FPGA_prj\\project_3_sim\\ov5640_sd.sdk\\webtalk
# webtalk_register_client -client project
# webtalk_add_data -client project -key date_generated -value "2025-07-12 18:07:29" -context "software_version_and_target_device"
# webtalk_add_data -client project -key product_version -value "SDK v2018.3" -context "software_version_and_target_device"
# webtalk_add_data -client project -key build_version -value "2018.3" -context "software_version_and_target_device"
# webtalk_add_data -client project -key os_platform -value "amd64" -context "software_version_and_target_device"
# webtalk_add_data -client project -key registration_id -value "" -context "software_version_and_target_device"
# webtalk_add_data -client project -key tool_flow -value "SDK" -context "software_version_and_target_device"
# webtalk_add_data -client project -key beta -value "false" -context "software_version_and_target_device"
# webtalk_add_data -client project -key route_design -value "NA" -context "software_version_and_target_device"
# webtalk_add_data -client project -key target_family -value "NA" -context "software_version_and_target_device"
# webtalk_add_data -client project -key target_device -value "NA" -context "software_version_and_target_device"
# webtalk_add_data -client project -key target_package -value "NA" -context "software_version_and_target_device"
# webtalk_add_data -client project -key target_speed -value "NA" -context "software_version_and_target_device"
# webtalk_add_data -client project -key random_id -value "rknvi63h258f447ibh09e95ng3" -context "software_version_and_target_device"
# webtalk_add_data -client project -key project_id -value "2018.3_8" -context "software_version_and_target_device"
# webtalk_add_data -client project -key project_iteration -value "8" -context "software_version_and_target_device"
# webtalk_add_data -client project -key os_name -value "Microsoft Windows 8 or later , 64-bit" -context "user_environment"
# webtalk_add_data -client project -key os_release -value "major release  (build 9200)" -context "user_environment"
# webtalk_add_data -client project -key cpu_name -value "Intel(R) Core(TM) Ultra 5 125H" -context "user_environment"
# webtalk_add_data -client project -key cpu_speed -value "2995 MHz" -context "user_environment"
# webtalk_add_data -client project -key total_processors -value "1" -context "user_environment"
# webtalk_add_data -client project -key system_ram -value "33.946 GB" -context "user_environment"
# webtalk_register_client -client sdk
# webtalk_add_data -client sdk -key uid -value "1752232793417" -context "sdk\\\\hardware/1752232793417"
# webtalk_add_data -client sdk -key isZynq -value "true" -context "sdk\\\\hardware/1752232793417"
# webtalk_add_data -client sdk -key isZynqMP -value "false" -context "sdk\\\\hardware/1752232793417"
# webtalk_add_data -client sdk -key Processors -value "2" -context "sdk\\\\hardware/1752232793417"
# webtalk_add_data -client sdk -key VivadoVersion -value "2017.4" -context "sdk\\\\hardware/1752232793417"
# webtalk_add_data -client sdk -key Arch -value "zynq" -context "sdk\\\\hardware/1752232793417"
# webtalk_add_data -client sdk -key Device -value "7z010" -context "sdk\\\\hardware/1752232793417"
# webtalk_add_data -client sdk -key IsHandoff -value "true" -context "sdk\\\\hardware/1752232793417"
# webtalk_add_data -client sdk -key os -value "NA" -context "sdk\\\\hardware/1752232793417"
# webtalk_add_data -client sdk -key apptemplate -value "NA" -context "sdk\\\\hardware/1752232793417"
# webtalk_add_data -client sdk -key RecordType -value "HWCreation" -context "sdk\\\\hardware/1752232793417"
# webtalk_add_data -client sdk -key uid -value "NA" -context "sdk\\\\bsp/1752314849287"
# webtalk_add_data -client sdk -key RecordType -value "ToolUsage" -context "sdk\\\\bsp/1752314849287"
# webtalk_add_data -client sdk -key BootgenCount -value "0" -context "sdk\\\\bsp/1752314849287"
# webtalk_add_data -client sdk -key DebugCount -value "1" -context "sdk\\\\bsp/1752314849287"
# webtalk_add_data -client sdk -key PerfCount -value "0" -context "sdk\\\\bsp/1752314849287"
# webtalk_add_data -client sdk -key FlashCount -value "0" -context "sdk\\\\bsp/1752314849287"
# webtalk_add_data -client sdk -key CrossTriggCount -value "0" -context "sdk\\\\bsp/1752314849287"
# webtalk_add_data -client sdk -key QemuDebugCount -value "0" -context "sdk\\\\bsp/1752314849287"
# webtalk_transmit -clientid 784281186 -regid "" -xml O:\\Study\\FPGA_prj\\project_3_sim\\ov5640_sd.sdk\\webtalk\\usage_statistics_ext_sdk.xml -html O:\\Study\\FPGA_prj\\project_3_sim\\ov5640_sd.sdk\\webtalk\\usage_statistics_ext_sdk.html -wdm O:\\Study\\FPGA_prj\\project_3_sim\\ov5640_sd.sdk\\webtalk\\sdk_webtalk.wdm -intro "<H3>SDK Usage Report</H3><BR>"
webtalk_transmit: Time (s): cpu = 00:00:00 ; elapsed = 00:00:06 . Memory (MB): peak = 63.953 ; gain = 0.000
# webtalk_terminate
INFO: [Common 17-206] Exiting Webtalk at Sat Jul 12 18:07:50 2025...
