19:59:02 INFO  : Registering command handlers for SDK TCF services
19:59:03 INFO  : Launching XSCT server: xsct.bat -interactive F:\intel_project\AX7010\21_ov5640_sd\ov5640_sd.sdk\temp_xsdb_launch_script.tcl
19:59:05 INFO  : XSCT server has started successfully.
19:59:06 INFO  : Successfully done setting XSCT server connection channel  
19:59:06 INFO  : Successfully done setting SDK workspace  
19:59:06 INFO  : Processing command line option -hwspec F:/intel_project/AX7010/21_ov5640_sd/ov5640_sd.sdk/system_wrapper.hdf.
20:00:00 ERROR : Failed to closesw "F:/intel_project/AX7010/21_ov5640_sd/ov5640_sd.sdk/ov5640_sd_bsp/system.mss"
Reason: Cannot close sw design 'F:/intel_project/AX7010/21_ov5640_sd/ov5640_sd.sdk/ov5640_sd_bsp/system.mss'.
Design is not opened in the current session.


20:02:00 INFO  : Refreshed build settings on project ov5640_sd
20:03:08 INFO  : Connected to target on host '127.0.0.1' and port '3121'.
20:03:09 INFO  : Jtag cable 'Digilent JTAG-HS1 210512180081' is selected.
20:03:09 INFO  : 'jtag frequency' command is executed.
20:03:09 INFO  : Sourcing of 'F:/intel_project/AX7010/21_ov5640_sd/ov5640_sd.sdk/system_wrapper_hw_platform_0/ps7_init.tcl' is done.
20:03:09 INFO  : Context for 'APU' is selected.
20:03:09 INFO  : System reset is completed.
20:03:12 INFO  : 'after 3000' command is executed.
20:03:12 INFO  : 'targets -set -filter {jtag_cable_name =~ "Digilent JTAG-HS1 210512180081" && level==0} -index 1' command is executed.
20:03:13 INFO  : FPGA configured successfully with bitstream "F:/intel_project/AX7010/21_ov5640_sd/ov5640_sd.sdk/system_wrapper_hw_platform_0/system_wrapper.bit"
20:03:13 INFO  : Context for 'APU' is selected.
20:03:13 INFO  : Hardware design information is loaded from 'F:/intel_project/AX7010/21_ov5640_sd/ov5640_sd.sdk/system_wrapper_hw_platform_0/system.hdf'.
20:03:13 INFO  : 'configparams force-mem-access 1' command is executed.
20:03:13 INFO  : Context for 'APU' is selected.
20:03:13 INFO  : 'ps7_init' command is executed.
20:03:13 INFO  : 'ps7_post_config' command is executed.
20:03:13 INFO  : Context for processor 'ps7_cortexa9_0' is selected.
20:03:14 INFO  : The application 'F:/intel_project/AX7010/21_ov5640_sd/ov5640_sd.sdk/ov5640_sd/Debug/ov5640_sd.elf' is downloaded to processor 'ps7_cortexa9_0'.
20:03:14 INFO  : 'configparams force-mem-access 0' command is executed.
20:03:14 INFO  : ----------------XSDB Script----------------
connect -url tcp:127.0.0.1:3121
source F:/intel_project/AX7010/21_ov5640_sd/ov5640_sd.sdk/system_wrapper_hw_platform_0/ps7_init.tcl
targets -set -nocase -filter {name =~"APU*" && jtag_cable_name =~ "Digilent JTAG-HS1 210512180081"} -index 0
rst -system
after 3000
targets -set -filter {jtag_cable_name =~ "Digilent JTAG-HS1 210512180081" && level==0} -index 1
fpga -file F:/intel_project/AX7010/21_ov5640_sd/ov5640_sd.sdk/system_wrapper_hw_platform_0/system_wrapper.bit
targets -set -nocase -filter {name =~"APU*" && jtag_cable_name =~ "Digilent JTAG-HS1 210512180081"} -index 0
loadhw -hw F:/intel_project/AX7010/21_ov5640_sd/ov5640_sd.sdk/system_wrapper_hw_platform_0/system.hdf -mem-ranges [list {0x40000000 0xbfffffff}]
configparams force-mem-access 1
targets -set -nocase -filter {name =~"APU*" && jtag_cable_name =~ "Digilent JTAG-HS1 210512180081"} -index 0
ps7_init
ps7_post_config
targets -set -nocase -filter {name =~ "ARM*#0" && jtag_cable_name =~ "Digilent JTAG-HS1 210512180081"} -index 0
dow F:/intel_project/AX7010/21_ov5640_sd/ov5640_sd.sdk/ov5640_sd/Debug/ov5640_sd.elf
configparams force-mem-access 0
----------------End of Script----------------

20:03:14 INFO  : Memory regions updated for context APU
20:03:14 INFO  : Context for processor 'ps7_cortexa9_0' is selected.
20:03:14 INFO  : 'con' command is executed.
20:03:14 INFO  : ----------------XSDB Script (After Launch)----------------
targets -set -nocase -filter {name =~ "ARM*#0" && jtag_cable_name =~ "Digilent JTAG-HS1 210512180081"} -index 0
con
----------------End of Script----------------

20:03:14 INFO  : Launch script is exported to file 'F:\intel_project\AX7010\21_ov5640_sd\ov5640_sd.sdk\.sdk\launch_scripts\xilinx_c-c++_application_(system_debugger)\system_debugger_using_debug_ov5640_sd.elf_on_local.tcl'
20:05:41 INFO  : Invoking Bootgen: bootgen -image ov5640_sd.bif -arch zynq -o F:\intel_project\AX7010\21_ov5640_sd\bootimage\BOOT.bin -w on
20:05:41 INFO  : Overwriting existing bif file F:\intel_project\AX7010\21_ov5640_sd\bootimage\ov5640_sd.bif
20:05:42 INFO  : Bootgen command execution is done.
20:06:05 INFO  : Disconnected from the channel tcfchan#1.
19:19:37 INFO  : Launching XSCT server: xsct.bat -interactive O:\Study\FPGA_prj\project_3_sim\ov5640_sd.sdk\temp_xsdb_launch_script.tcl
19:19:41 INFO  : XSCT server has started successfully.
19:19:45 INFO  : Successfully done setting XSCT server connection channel  
19:19:45 INFO  : Successfully done setting SDK workspace  
19:19:52 INFO  : Registering command handlers for SDK TCF services
19:19:52 INFO  : Processing command line option -hwspec O:/Study/FPGA_prj/project_3_sim/ov5640_sd.sdk/system_wrapper.hdf.
19:20:04 INFO  : Connected to target on host '127.0.0.1' and port '3121'.
19:20:05 INFO  : Jtag cable 'Digilent JTAG-HS1 210512180081' is selected.
19:20:05 INFO  : 'jtag frequency' command is executed.
19:20:05 INFO  : Sourcing of 'O:/Study/FPGA_prj/project_3_sim/ov5640_sd.sdk/system_wrapper_hw_platform_0/ps7_init.tcl' is done.
19:20:05 INFO  : Context for 'APU' is selected.
19:20:05 INFO  : System reset is completed.
19:20:08 INFO  : 'after 3000' command is executed.
19:20:08 INFO  : 'targets -set -filter {jtag_cable_name =~ "Digilent JTAG-HS1 210512180081" && level==0} -index 1' command is executed.
19:20:09 INFO  : FPGA configured successfully with bitstream "O:/Study/FPGA_prj/project_3_sim/ov5640_sd.sdk/system_wrapper_hw_platform_0/system_wrapper.bit"
19:20:09 INFO  : Context for 'APU' is selected.
19:20:09 INFO  : Hardware design information is loaded from 'O:/Study/FPGA_prj/project_3_sim/ov5640_sd.sdk/system_wrapper_hw_platform_0/system.hdf'.
19:20:09 INFO  : 'configparams force-mem-access 1' command is executed.
19:20:09 INFO  : Context for 'APU' is selected.
19:20:10 INFO  : 'ps7_init' command is executed.
19:20:10 INFO  : 'ps7_post_config' command is executed.
19:20:10 INFO  : Context for processor 'ps7_cortexa9_0' is selected.
19:20:10 INFO  : The application 'O:/Study/FPGA_prj/project_3_sim/ov5640_sd.sdk/ov5640_sd/Debug/ov5640_sd.elf' is downloaded to processor 'ps7_cortexa9_0'.
19:20:10 INFO  : 'configparams force-mem-access 0' command is executed.
19:20:10 INFO  : ----------------XSDB Script----------------
connect -url tcp:127.0.0.1:3121
source O:/Study/FPGA_prj/project_3_sim/ov5640_sd.sdk/system_wrapper_hw_platform_0/ps7_init.tcl
targets -set -nocase -filter {name =~"APU*" && jtag_cable_name =~ "Digilent JTAG-HS1 210512180081"} -index 0
rst -system
after 3000
targets -set -filter {jtag_cable_name =~ "Digilent JTAG-HS1 210512180081" && level==0} -index 1
fpga -file O:/Study/FPGA_prj/project_3_sim/ov5640_sd.sdk/system_wrapper_hw_platform_0/system_wrapper.bit
targets -set -nocase -filter {name =~"APU*" && jtag_cable_name =~ "Digilent JTAG-HS1 210512180081"} -index 0
loadhw -hw O:/Study/FPGA_prj/project_3_sim/ov5640_sd.sdk/system_wrapper_hw_platform_0/system.hdf -mem-ranges [list {0x40000000 0xbfffffff}]
configparams force-mem-access 1
targets -set -nocase -filter {name =~"APU*" && jtag_cable_name =~ "Digilent JTAG-HS1 210512180081"} -index 0
ps7_init
ps7_post_config
targets -set -nocase -filter {name =~ "ARM*#0" && jtag_cable_name =~ "Digilent JTAG-HS1 210512180081"} -index 0
dow O:/Study/FPGA_prj/project_3_sim/ov5640_sd.sdk/ov5640_sd/Debug/ov5640_sd.elf
configparams force-mem-access 0
----------------End of Script----------------

19:20:11 INFO  : Memory regions updated for context APU
19:20:11 INFO  : Context for processor 'ps7_cortexa9_0' is selected.
19:20:11 INFO  : 'con' command is executed.
19:20:11 INFO  : ----------------XSDB Script (After Launch)----------------
targets -set -nocase -filter {name =~ "ARM*#0" && jtag_cable_name =~ "Digilent JTAG-HS1 210512180081"} -index 0
con
----------------End of Script----------------

19:20:11 INFO  : Launch script is exported to file 'O:\Study\FPGA_prj\project_3_sim\ov5640_sd.sdk\.sdk\launch_scripts\xilinx_c-c++_application_(system_debugger)\system_debugger_using_debug_ov5640_sd.elf_on_local.tcl'
18:07:29 INFO  : Disconnected from the channel tcfchan#1.
